{"L":"INFO","timestamp":"2026-02-03T10:11:39.757+0700","caller":"utils/logger.go:71","M":"Logger initialized","log_file":"logs\\app-2026-02-03.log","debug_mode":true}
{"L":"INFO","timestamp":"2026-02-03T10:11:39.757+0700","caller":"aplikasi-pos-team-boolean/main.go:35","M":"Application starting","environment":"","debug":true}
{"L":"INFO","timestamp":"2026-02-03T10:11:39.840+0700","caller":"aplikasi-pos-team-boolean/main.go:46","M":"Database connection successful"}
{"L":"INFO","timestamp":"2026-02-03T10:11:39.840+0700","caller":"aplikasi-pos-team-boolean/main.go:57","M":"Running database migration","seed":true}
{"L":"INFO","timestamp":"2026-02-03T10:11:40.261+0700","caller":"wire/wire.go:137","M":"Routes registered successfully"}
{"L":"INFO","timestamp":"2026-02-03T10:11:40.261+0700","caller":"aplikasi-pos-team-boolean/main.go:72","M":"Server starting","port":"8080"}
{"L":"INFO","timestamp":"2026-02-03T10:11:54.207+0700","caller":"middleware/logging.go:28","M":"incoming request","method":"POST","path":"/api/v1/auth/send-otp","query":"","remote_addr":"::1","user_agent":"PostmanRuntime/7.37.3","referer":"","body_size":71,"content_type":"application/json"}
{"L":"DEBUG","timestamp":"2026-02-03T10:11:54.207+0700","caller":"adaptor/auth_adaptor.go:123","M":"SendOTP handler called","client_ip":"::1"}
{"L":"DEBUG","timestamp":"2026-02-03T10:11:54.208+0700","caller":"usecase/auth.go:133","M":"Sending OTP","email":"azwinrifai123@gmail.com","purpose":"password_reset"}
{"L":"DEBUG","timestamp":"2026-02-03T10:11:54.213+0700","caller":"repository/auth.go:68","M":"User not found","email":"azwinrifai123@gmail.com"}
{"L":"WARN","timestamp":"2026-02-03T10:11:54.213+0700","caller":"usecase/auth.go:150","M":"OTP send failed - email not registered","email":"azwinrifai123@gmail.com"}
{"L":"WARN","timestamp":"2026-02-03T10:11:54.213+0700","caller":"adaptor/auth_adaptor.go:144","M":"SendOTP failed","email":"azwinrifai123@gmail.com","error":"email not registered"}
{"L":"WARN","timestamp":"2026-02-03T10:11:54.214+0700","caller":"middleware/logging.go:61","M":"request completed with client error","method":"POST","path":"/api/v1/auth/send-otp","query":"","status":400,"duration":"6.6496ms","response_size":61,"remote_addr":"::1"}
{"L":"INFO","timestamp":"2026-02-03T10:28:55.978+0700","caller":"utils/logger.go:71","M":"Logger initialized","log_file":"logs\\app-2026-02-03.log","debug_mode":true}
{"L":"INFO","timestamp":"2026-02-03T10:28:55.978+0700","caller":"aplikasi-pos-team-boolean/main.go:35","M":"Application starting","environment":"","debug":true}
{"L":"INFO","timestamp":"2026-02-03T10:28:56.039+0700","caller":"aplikasi-pos-team-boolean/main.go:46","M":"Database connection successful"}
{"L":"INFO","timestamp":"2026-02-03T10:28:56.039+0700","caller":"aplikasi-pos-team-boolean/main.go:57","M":"Running database migration","seed":true}
{"L":"INFO","timestamp":"2026-02-03T10:28:56.337+0700","caller":"wire/wire.go:146","M":"Routes registered successfully"}
{"L":"INFO","timestamp":"2026-02-03T10:28:56.337+0700","caller":"aplikasi-pos-team-boolean/main.go:72","M":"Server starting","port":"8080"}
{"L":"INFO","timestamp":"2026-02-03T10:30:19.871+0700","caller":"middleware/logging.go:28","M":"incoming request","method":"POST","path":"/api/v1/auth/register","query":"","remote_addr":"::1","user_agent":"PostmanRuntime/7.37.3","referer":"","body_size":110,"content_type":"application/json"}
{"L":"DEBUG","timestamp":"2026-02-03T10:30:19.872+0700","caller":"adaptor/auth_adaptor.go:29","M":"Register handler called","client_ip":"::1"}
{"L":"WARN","timestamp":"2026-02-03T10:30:19.873+0700","caller":"adaptor/auth_adaptor.go:35","M":"Invalid request body for register","error":"Key: 'RegisterRequest.Role' Error:Field validation for 'Role' failed on the 'oneof' tag","client_ip":"::1"}
{"L":"WARN","timestamp":"2026-02-03T10:30:19.873+0700","caller":"middleware/logging.go:61","M":"request completed with client error","method":"POST","path":"/api/v1/auth/register","query":"","status":400,"duration":"1.7996ms","response_size":150,"remote_addr":"::1"}
{"L":"INFO","timestamp":"2026-02-03T10:34:03.482+0700","caller":"utils/logger.go:71","M":"Logger initialized","log_file":"logs\\app-2026-02-03.log","debug_mode":true}
{"L":"INFO","timestamp":"2026-02-03T10:34:03.482+0700","caller":"aplikasi-pos-team-boolean/main.go:35","M":"Application starting","environment":"","debug":true}
{"L":"INFO","timestamp":"2026-02-03T10:34:03.538+0700","caller":"aplikasi-pos-team-boolean/main.go:46","M":"Database connection successful"}
{"L":"INFO","timestamp":"2026-02-03T10:34:03.538+0700","caller":"aplikasi-pos-team-boolean/main.go:57","M":"Running database migration","seed":true}
{"L":"INFO","timestamp":"2026-02-03T10:34:03.921+0700","caller":"wire/wire.go:146","M":"Routes registered successfully"}
{"L":"INFO","timestamp":"2026-02-03T10:34:03.921+0700","caller":"aplikasi-pos-team-boolean/main.go:72","M":"Server starting","port":"8080"}
{"L":"INFO","timestamp":"2026-02-03T10:34:35.602+0700","caller":"middleware/logging.go:28","M":"incoming request","method":"POST","path":"/api/v1/auth/register","query":"","remote_addr":"::1","user_agent":"PostmanRuntime/7.37.3","referer":"","body_size":110,"content_type":"application/json"}
{"L":"DEBUG","timestamp":"2026-02-03T10:34:35.603+0700","caller":"adaptor/auth_adaptor.go:29","M":"Register handler called","client_ip":"::1"}
{"L":"DEBUG","timestamp":"2026-02-03T10:34:35.603+0700","caller":"usecase/auth.go:110","M":"Register attempt","email":"azwinrifai123@gmail.com"}
{"L":"DEBUG","timestamp":"2026-02-03T10:34:35.605+0700","caller":"repository/auth.go:68","M":"User not found","email":"azwinrifai123@gmail.com"}
{"L":"INFO","timestamp":"2026-02-03T10:34:35.704+0700","caller":"repository/auth.go:54","M":"User created successfully","email":"azwinrifai123@gmail.com","id":4}
{"L":"INFO","timestamp":"2026-02-03T10:34:35.704+0700","caller":"usecase/auth.go:160","M":"User registered successfully","email":"azwinrifai123@gmail.com","user_id":4}
{"L":"INFO","timestamp":"2026-02-03T10:34:35.704+0700","caller":"adaptor/auth_adaptor.go:68","M":"Registration successful","email":"azwinrifai123@gmail.com","user_id":4}
{"L":"INFO","timestamp":"2026-02-03T10:34:35.704+0700","caller":"middleware/logging.go:72","M":"request completed","method":"POST","path":"/api/v1/auth/register","query":"","status":201,"duration":"101.4772ms","response_size":184}
{"L":"INFO","timestamp":"2026-02-03T10:34:57.138+0700","caller":"middleware/logging.go:28","M":"incoming request","method":"POST","path":"/api/v1/auth/send-otp","query":"","remote_addr":"::1","user_agent":"PostmanRuntime/7.37.3","referer":"","body_size":71,"content_type":"application/json"}
{"L":"DEBUG","timestamp":"2026-02-03T10:34:57.139+0700","caller":"adaptor/auth_adaptor.go:303","M":"SendOTP handler called","client_ip":"::1"}
{"L":"DEBUG","timestamp":"2026-02-03T10:34:57.139+0700","caller":"usecase/auth.go:288","M":"Sending OTP","email":"azwinrifai123@gmail.com","purpose":"password_reset"}
{"L":"INFO","timestamp":"2026-02-03T10:34:57.158+0700","caller":"repository/auth.go:155","M":"OTP created successfully","email":"azwinrifai123@gmail.com","purpose":"password_reset"}
{"L":"INFO","timestamp":"2026-02-03T10:35:00.949+0700","caller":"utils/email_service.go:89","M":"OTP email sent successfully","to_email":"azwinrifai123@gmail.com","purpose":"password_reset"}
{"L":"INFO","timestamp":"2026-02-03T10:35:00.949+0700","caller":"usecase/auth.go:340","M":"OTP sent successfully","email":"azwinrifai123@gmail.com","purpose":"password_reset"}
{"L":"INFO","timestamp":"2026-02-03T10:35:00.949+0700","caller":"adaptor/auth_adaptor.go:336","M":"OTP sent successfully","email":"azwinrifai123@gmail.com","purpose":"password_reset"}
{"L":"INFO","timestamp":"2026-02-03T10:35:00.950+0700","caller":"middleware/logging.go:72","M":"request completed","method":"POST","path":"/api/v1/auth/send-otp","query":"","status":200,"duration":"3.8116298s","response_size":192}
{"L":"INFO","timestamp":"2026-02-03T12:41:44.802+0700","caller":"utils/logger.go:71","M":"Logger initialized","log_file":"logs\\app-2026-02-03.log","debug_mode":true}
{"L":"INFO","timestamp":"2026-02-03T12:41:44.802+0700","caller":"aplikasi-pos-team-boolean/main.go:35","M":"Application starting","environment":"","debug":true}
{"L":"INFO","timestamp":"2026-02-03T12:41:44.858+0700","caller":"aplikasi-pos-team-boolean/main.go:46","M":"Database connection successful"}
{"L":"INFO","timestamp":"2026-02-03T12:41:44.858+0700","caller":"aplikasi-pos-team-boolean/main.go:57","M":"Running database migration","seed":true}
{"L":"INFO","timestamp":"2026-02-03T12:41:45.165+0700","caller":"wire/wire.go:146","M":"Routes registered successfully"}
{"L":"INFO","timestamp":"2026-02-03T12:41:45.165+0700","caller":"aplikasi-pos-team-boolean/main.go:72","M":"Server starting","port":"8080"}
{"L":"INFO","timestamp":"2026-02-03T12:44:42.569+0700","caller":"middleware/logging.go:28","M":"incoming request","method":"POST","path":"/api/v1/auth/send-otp","query":"","remote_addr":"::1","user_agent":"PostmanRuntime/7.37.3","referer":"","body_size":71,"content_type":"application/json"}
{"L":"DEBUG","timestamp":"2026-02-03T12:44:42.569+0700","caller":"adaptor/auth_adaptor.go:303","M":"SendOTP handler called","client_ip":"::1"}
{"L":"DEBUG","timestamp":"2026-02-03T12:44:42.570+0700","caller":"usecase/auth.go:288","M":"Sending OTP","email":"azwinrifai123@gmail.com","purpose":"password_reset"}
{"L":"INFO","timestamp":"2026-02-03T12:44:42.576+0700","caller":"repository/auth.go:155","M":"OTP created successfully","email":"azwinrifai123@gmail.com","purpose":"password_reset"}
{"L":"INFO","timestamp":"2026-02-03T12:44:52.227+0700","caller":"utils/email_service.go:89","M":"OTP email sent successfully","to_email":"azwinrifai123@gmail.com","purpose":"password_reset"}
{"L":"INFO","timestamp":"2026-02-03T12:44:52.227+0700","caller":"usecase/auth.go:340","M":"OTP sent successfully","email":"azwinrifai123@gmail.com","purpose":"password_reset"}
{"L":"INFO","timestamp":"2026-02-03T12:44:52.227+0700","caller":"adaptor/auth_adaptor.go:336","M":"OTP sent successfully","email":"azwinrifai123@gmail.com","purpose":"password_reset"}
{"L":"INFO","timestamp":"2026-02-03T12:44:52.228+0700","caller":"middleware/logging.go:72","M":"request completed","method":"POST","path":"/api/v1/auth/send-otp","query":"","status":200,"duration":"9.6581067s","response_size":192}
{"L":"INFO","timestamp":"2026-02-03T12:46:05.785+0700","caller":"middleware/logging.go:28","M":"incoming request","method":"POST","path":"/api/v1/auth/validate-otp","query":"","remote_addr":"::1","user_agent":"PostmanRuntime/7.37.3","referer":"","body_size":95,"content_type":"application/json"}
{"L":"DEBUG","timestamp":"2026-02-03T12:46:05.785+0700","caller":"adaptor/auth_adaptor.go:350","M":"ValidateOTP handler called","client_ip":"::1"}
{"L":"DEBUG","timestamp":"2026-02-03T12:46:05.786+0700","caller":"usecase/auth.go:353","M":"Validating OTP","email":"azwinrifai123@gmail.com","purpose":"password_reset"}
{"L":"INFO","timestamp":"2026-02-03T12:46:05.798+0700","caller":"repository/auth.go:227","M":"OTP marked as used","otp_id":3}
{"L":"INFO","timestamp":"2026-02-03T12:46:05.798+0700","caller":"usecase/auth.go:395","M":"OTP validated successfully","email":"azwinrifai123@gmail.com","purpose":"password_reset"}
{"L":"INFO","timestamp":"2026-02-03T12:46:05.798+0700","caller":"adaptor/auth_adaptor.go:383","M":"OTP validated successfully","email":"azwinrifai123@gmail.com","purpose":"password_reset"}
{"L":"INFO","timestamp":"2026-02-03T12:46:05.798+0700","caller":"middleware/logging.go:72","M":"request completed","method":"POST","path":"/api/v1/auth/validate-otp","query":"","status":200,"duration":"13.4946ms","response_size":104}
{"L":"INFO","timestamp":"2026-02-03T12:46:11.615+0700","caller":"middleware/logging.go:28","M":"incoming request","method":"POST","path":"/api/v1/auth/validate-otp","query":"","remote_addr":"::1","user_agent":"PostmanRuntime/7.37.3","referer":"","body_size":95,"content_type":"application/json"}
{"L":"DEBUG","timestamp":"2026-02-03T12:46:11.616+0700","caller":"adaptor/auth_adaptor.go:350","M":"ValidateOTP handler called","client_ip":"::1"}
{"L":"DEBUG","timestamp":"2026-02-03T12:46:11.616+0700","caller":"usecase/auth.go:353","M":"Validating OTP","email":"azwinrifai123@gmail.com","purpose":"password_reset"}
{"L":"DEBUG","timestamp":"2026-02-03T12:46:11.617+0700","caller":"repository/auth.go:172","M":"OTP not found","email":"azwinrifai123@gmail.com","purpose":"password_reset"}
{"L":"WARN","timestamp":"2026-02-03T12:46:11.617+0700","caller":"repository/auth.go:198","M":"OTP not found or expired","email":"azwinrifai123@gmail.com","purpose":"password_reset"}
{"L":"WARN","timestamp":"2026-02-03T12:46:11.617+0700","caller":"usecase/auth.go:369","M":"OTP validation failed - invalid or expired OTP","email":"azwinrifai123@gmail.com"}
{"L":"WARN","timestamp":"2026-02-03T12:46:11.619+0700","caller":"adaptor/auth_adaptor.go:371","M":"ValidateOTP failed","email":"azwinrifai123@gmail.com","error":"invalid or expired OTP"}
{"L":"WARN","timestamp":"2026-02-03T12:46:11.619+0700","caller":"middleware/logging.go:61","M":"request completed with client error","method":"POST","path":"/api/v1/auth/validate-otp","query":"","status":400,"duration":"4.1865ms","response_size":63,"remote_addr":"::1"}
{"L":"INFO","timestamp":"2026-02-03T12:46:23.275+0700","caller":"middleware/logging.go:28","M":"incoming request","method":"POST","path":"/api/v1/auth/validate-otp","query":"","remote_addr":"::1","user_agent":"PostmanRuntime/7.37.3","referer":"","body_size":95,"content_type":"application/json"}
{"L":"DEBUG","timestamp":"2026-02-03T12:46:23.276+0700","caller":"adaptor/auth_adaptor.go:350","M":"ValidateOTP handler called","client_ip":"::1"}
{"L":"DEBUG","timestamp":"2026-02-03T12:46:23.276+0700","caller":"usecase/auth.go:353","M":"Validating OTP","email":"azwinrifai123@gmail.com","purpose":"password_reset"}
{"L":"DEBUG","timestamp":"2026-02-03T12:46:23.277+0700","caller":"repository/auth.go:172","M":"OTP not found","email":"azwinrifai123@gmail.com","purpose":"password_reset"}
{"L":"WARN","timestamp":"2026-02-03T12:46:23.277+0700","caller":"repository/auth.go:198","M":"OTP not found or expired","email":"azwinrifai123@gmail.com","purpose":"password_reset"}
{"L":"WARN","timestamp":"2026-02-03T12:46:23.277+0700","caller":"usecase/auth.go:369","M":"OTP validation failed - invalid or expired OTP","email":"azwinrifai123@gmail.com"}
{"L":"WARN","timestamp":"2026-02-03T12:46:23.277+0700","caller":"adaptor/auth_adaptor.go:371","M":"ValidateOTP failed","email":"azwinrifai123@gmail.com","error":"invalid or expired OTP"}
{"L":"WARN","timestamp":"2026-02-03T12:46:23.277+0700","caller":"middleware/logging.go:61","M":"request completed with client error","method":"POST","path":"/api/v1/auth/validate-otp","query":"","status":400,"duration":"2.0517ms","response_size":63,"remote_addr":"::1"}
{"L":"INFO","timestamp":"2026-02-03T12:46:29.299+0700","caller":"middleware/logging.go:28","M":"incoming request","method":"POST","path":"/api/v1/auth/validate-otp","query":"","remote_addr":"::1","user_agent":"PostmanRuntime/7.37.3","referer":"","body_size":95,"content_type":"application/json"}
{"L":"DEBUG","timestamp":"2026-02-03T12:46:29.299+0700","caller":"adaptor/auth_adaptor.go:350","M":"ValidateOTP handler called","client_ip":"::1"}
{"L":"DEBUG","timestamp":"2026-02-03T12:46:29.299+0700","caller":"usecase/auth.go:353","M":"Validating OTP","email":"azwinrifai123@gmail.com","purpose":"password_reset"}
{"L":"DEBUG","timestamp":"2026-02-03T12:46:29.300+0700","caller":"repository/auth.go:172","M":"OTP not found","email":"azwinrifai123@gmail.com","purpose":"password_reset"}
{"L":"WARN","timestamp":"2026-02-03T12:46:29.300+0700","caller":"repository/auth.go:198","M":"OTP not found or expired","email":"azwinrifai123@gmail.com","purpose":"password_reset"}
{"L":"WARN","timestamp":"2026-02-03T12:46:29.301+0700","caller":"usecase/auth.go:369","M":"OTP validation failed - invalid or expired OTP","email":"azwinrifai123@gmail.com"}
{"L":"WARN","timestamp":"2026-02-03T12:46:29.301+0700","caller":"adaptor/auth_adaptor.go:371","M":"ValidateOTP failed","email":"azwinrifai123@gmail.com","error":"invalid or expired OTP"}
{"L":"WARN","timestamp":"2026-02-03T12:46:29.301+0700","caller":"middleware/logging.go:61","M":"request completed with client error","method":"POST","path":"/api/v1/auth/validate-otp","query":"","status":400,"duration":"2.3275ms","response_size":63,"remote_addr":"::1"}
{"L":"INFO","timestamp":"2026-02-03T12:46:42.529+0700","caller":"middleware/logging.go:28","M":"incoming request","method":"POST","path":"/api/v1/auth/reset-password","query":"","remote_addr":"::1","user_agent":"PostmanRuntime/7.37.3","referer":"","body_size":121,"content_type":"application/json"}
{"L":"DEBUG","timestamp":"2026-02-03T12:46:42.529+0700","caller":"adaptor/auth_adaptor.go:397","M":"ResetPassword handler called","client_ip":"::1"}
{"L":"DEBUG","timestamp":"2026-02-03T12:46:42.529+0700","caller":"usecase/auth.go:409","M":"Resetting password","email":"admin@pos.com"}
{"L":"DEBUG","timestamp":"2026-02-03T12:46:42.531+0700","caller":"repository/auth.go:172","M":"OTP not found","email":"admin@pos.com","purpose":"password_reset"}
{"L":"WARN","timestamp":"2026-02-03T12:46:42.531+0700","caller":"repository/auth.go:198","M":"OTP not found or expired","email":"admin@pos.com","purpose":"password_reset"}
{"L":"WARN","timestamp":"2026-02-03T12:46:42.531+0700","caller":"usecase/auth.go:422","M":"Password reset failed - invalid OTP","email":"admin@pos.com"}
{"L":"WARN","timestamp":"2026-02-03T12:46:42.532+0700","caller":"adaptor/auth_adaptor.go:418","M":"ResetPassword failed","email":"admin@pos.com","error":"invalid or expired OTP"}
{"L":"WARN","timestamp":"2026-02-03T12:46:42.532+0700","caller":"middleware/logging.go:61","M":"request completed with client error","method":"POST","path":"/api/v1/auth/reset-password","query":"","status":400,"duration":"3.0768ms","response_size":63,"remote_addr":"::1"}
{"L":"INFO","timestamp":"2026-02-03T12:46:52.761+0700","caller":"middleware/logging.go:28","M":"incoming request","method":"POST","path":"/api/v1/auth/send-otp","query":"","remote_addr":"::1","user_agent":"PostmanRuntime/7.37.3","referer":"","body_size":71,"content_type":"application/json"}
{"L":"DEBUG","timestamp":"2026-02-03T12:46:52.761+0700","caller":"adaptor/auth_adaptor.go:303","M":"SendOTP handler called","client_ip":"::1"}
{"L":"DEBUG","timestamp":"2026-02-03T12:46:52.761+0700","caller":"usecase/auth.go:288","M":"Sending OTP","email":"azwinrifai123@gmail.com","purpose":"password_reset"}
{"L":"INFO","timestamp":"2026-02-03T12:46:52.769+0700","caller":"repository/auth.go:155","M":"OTP created successfully","email":"azwinrifai123@gmail.com","purpose":"password_reset"}
{"L":"INFO","timestamp":"2026-02-03T12:46:59.717+0700","caller":"utils/email_service.go:89","M":"OTP email sent successfully","to_email":"azwinrifai123@gmail.com","purpose":"password_reset"}
{"L":"INFO","timestamp":"2026-02-03T12:46:59.717+0700","caller":"usecase/auth.go:340","M":"OTP sent successfully","email":"azwinrifai123@gmail.com","purpose":"password_reset"}
{"L":"INFO","timestamp":"2026-02-03T12:46:59.717+0700","caller":"adaptor/auth_adaptor.go:336","M":"OTP sent successfully","email":"azwinrifai123@gmail.com","purpose":"password_reset"}
{"L":"INFO","timestamp":"2026-02-03T12:46:59.717+0700","caller":"middleware/logging.go:72","M":"request completed","method":"POST","path":"/api/v1/auth/send-otp","query":"","status":200,"duration":"6.9568254s","response_size":192}
{"L":"INFO","timestamp":"2026-02-03T12:47:18.373+0700","caller":"middleware/logging.go:28","M":"incoming request","method":"POST","path":"/api/v1/auth/reset-password","query":"","remote_addr":"::1","user_agent":"PostmanRuntime/7.37.3","referer":"","body_size":121,"content_type":"application/json"}
{"L":"DEBUG","timestamp":"2026-02-03T12:47:18.373+0700","caller":"adaptor/auth_adaptor.go:397","M":"ResetPassword handler called","client_ip":"::1"}
{"L":"DEBUG","timestamp":"2026-02-03T12:47:18.373+0700","caller":"usecase/auth.go:409","M":"Resetting password","email":"admin@pos.com"}
{"L":"DEBUG","timestamp":"2026-02-03T12:47:18.374+0700","caller":"repository/auth.go:172","M":"OTP not found","email":"admin@pos.com","purpose":"password_reset"}
{"L":"WARN","timestamp":"2026-02-03T12:47:18.374+0700","caller":"repository/auth.go:198","M":"OTP not found or expired","email":"admin@pos.com","purpose":"password_reset"}
{"L":"WARN","timestamp":"2026-02-03T12:47:18.374+0700","caller":"usecase/auth.go:422","M":"Password reset failed - invalid OTP","email":"admin@pos.com"}
{"L":"WARN","timestamp":"2026-02-03T12:47:18.374+0700","caller":"adaptor/auth_adaptor.go:418","M":"ResetPassword failed","email":"admin@pos.com","error":"invalid or expired OTP"}
{"L":"WARN","timestamp":"2026-02-03T12:47:18.374+0700","caller":"middleware/logging.go:61","M":"request completed with client error","method":"POST","path":"/api/v1/auth/reset-password","query":"","status":400,"duration":"1.0336ms","response_size":63,"remote_addr":"::1"}
{"L":"INFO","timestamp":"2026-02-03T12:47:32.493+0700","caller":"middleware/logging.go:28","M":"incoming request","method":"POST","path":"/api/v1/auth/reset-password","query":"","remote_addr":"::1","user_agent":"PostmanRuntime/7.37.3","referer":"","body_size":131,"content_type":"application/json"}
{"L":"DEBUG","timestamp":"2026-02-03T12:47:32.493+0700","caller":"adaptor/auth_adaptor.go:397","M":"ResetPassword handler called","client_ip":"::1"}
{"L":"DEBUG","timestamp":"2026-02-03T12:47:32.493+0700","caller":"usecase/auth.go:409","M":"Resetting password","email":"azwinrifai123@gmail.com"}
{"L":"INFO","timestamp":"2026-02-03T12:47:32.592+0700","caller":"repository/auth.go:116","M":"User password updated successfully","id":4}
{"L":"INFO","timestamp":"2026-02-03T12:47:32.595+0700","caller":"repository/auth.go:227","M":"OTP marked as used","otp_id":4}
{"L":"INFO","timestamp":"2026-02-03T12:47:32.595+0700","caller":"usecase/auth.go:470","M":"Password reset successfully","email":"azwinrifai123@gmail.com","user_id":4}
{"L":"INFO","timestamp":"2026-02-03T12:47:32.595+0700","caller":"adaptor/auth_adaptor.go:435","M":"Password reset successfully","email":"azwinrifai123@gmail.com"}
{"L":"INFO","timestamp":"2026-02-03T12:47:32.597+0700","caller":"middleware/logging.go:72","M":"request completed","method":"POST","path":"/api/v1/auth/reset-password","query":"","status":200,"duration":"103.7249ms","response_size":224}
{"L":"INFO","timestamp":"2026-02-03T12:47:38.220+0700","caller":"middleware/logging.go:28","M":"incoming request","method":"POST","path":"/api/v1/auth/reset-password","query":"","remote_addr":"::1","user_agent":"PostmanRuntime/7.37.3","referer":"","body_size":131,"content_type":"application/json"}
{"L":"DEBUG","timestamp":"2026-02-03T12:47:38.220+0700","caller":"adaptor/auth_adaptor.go:397","M":"ResetPassword handler called","client_ip":"::1"}
{"L":"DEBUG","timestamp":"2026-02-03T12:47:38.220+0700","caller":"usecase/auth.go:409","M":"Resetting password","email":"azwinrifai123@gmail.com"}
{"L":"DEBUG","timestamp":"2026-02-03T12:47:38.222+0700","caller":"repository/auth.go:172","M":"OTP not found","email":"azwinrifai123@gmail.com","purpose":"password_reset"}
{"L":"WARN","timestamp":"2026-02-03T12:47:38.222+0700","caller":"repository/auth.go:198","M":"OTP not found or expired","email":"azwinrifai123@gmail.com","purpose":"password_reset"}
{"L":"WARN","timestamp":"2026-02-03T12:47:38.222+0700","caller":"usecase/auth.go:422","M":"Password reset failed - invalid OTP","email":"azwinrifai123@gmail.com"}
{"L":"WARN","timestamp":"2026-02-03T12:47:38.222+0700","caller":"adaptor/auth_adaptor.go:418","M":"ResetPassword failed","email":"azwinrifai123@gmail.com","error":"invalid or expired OTP"}
{"L":"WARN","timestamp":"2026-02-03T12:47:38.222+0700","caller":"middleware/logging.go:61","M":"request completed with client error","method":"POST","path":"/api/v1/auth/reset-password","query":"","status":400,"duration":"2.046ms","response_size":63,"remote_addr":"::1"}
{"L":"INFO","timestamp":"2026-02-03T12:48:29.935+0700","caller":"middleware/logging.go:28","M":"incoming request","method":"POST","path":"/api/v1/auth/send-otp","query":"","remote_addr":"::1","user_agent":"PostmanRuntime/7.37.3","referer":"","body_size":71,"content_type":"application/json"}
{"L":"DEBUG","timestamp":"2026-02-03T12:48:29.955+0700","caller":"adaptor/auth_adaptor.go:303","M":"SendOTP handler called","client_ip":"::1"}
{"L":"DEBUG","timestamp":"2026-02-03T12:48:29.964+0700","caller":"usecase/auth.go:288","M":"Sending OTP","email":"azwinrifai123@gmail.com","purpose":"password_reset"}
{"L":"INFO","timestamp":"2026-02-03T12:48:29.966+0700","caller":"repository/auth.go:155","M":"OTP created successfully","email":"azwinrifai123@gmail.com","purpose":"password_reset"}
{"L":"INFO","timestamp":"2026-02-03T12:48:33.388+0700","caller":"utils/email_service.go:89","M":"OTP email sent successfully","to_email":"azwinrifai123@gmail.com","purpose":"password_reset"}
{"L":"INFO","timestamp":"2026-02-03T12:48:33.388+0700","caller":"usecase/auth.go:340","M":"OTP sent successfully","email":"azwinrifai123@gmail.com","purpose":"password_reset"}
{"L":"INFO","timestamp":"2026-02-03T12:48:33.388+0700","caller":"adaptor/auth_adaptor.go:336","M":"OTP sent successfully","email":"azwinrifai123@gmail.com","purpose":"password_reset"}
{"L":"INFO","timestamp":"2026-02-03T12:48:33.388+0700","caller":"middleware/logging.go:72","M":"request completed","method":"POST","path":"/api/v1/auth/send-otp","query":"","status":200,"duration":"3.4530986s","response_size":192}
{"L":"INFO","timestamp":"2026-02-03T12:52:00.161+0700","caller":"utils/logger.go:71","M":"Logger initialized","log_file":"logs\\app-2026-02-03.log","debug_mode":true}
{"L":"INFO","timestamp":"2026-02-03T12:52:00.162+0700","caller":"aplikasi-pos-team-boolean/main.go:35","M":"Application starting","environment":"","debug":true}
{"L":"INFO","timestamp":"2026-02-03T12:52:00.216+0700","caller":"aplikasi-pos-team-boolean/main.go:46","M":"Database connection successful"}
{"L":"INFO","timestamp":"2026-02-03T12:52:00.216+0700","caller":"aplikasi-pos-team-boolean/main.go:57","M":"Running database migration","seed":true}
{"L":"INFO","timestamp":"2026-02-03T12:52:00.515+0700","caller":"wire/wire.go:146","M":"Routes registered successfully"}
{"L":"INFO","timestamp":"2026-02-03T12:52:00.515+0700","caller":"aplikasi-pos-team-boolean/main.go:72","M":"Server starting","port":"8080"}
{"L":"INFO","timestamp":"2026-02-03T12:52:05.751+0700","caller":"middleware/logging.go:28","M":"incoming request","method":"POST","path":"/api/v1/auth/validate-otp","query":"","remote_addr":"::1","user_agent":"PostmanRuntime/7.37.3","referer":"","body_size":95,"content_type":"application/json"}
{"L":"DEBUG","timestamp":"2026-02-03T12:52:05.751+0700","caller":"adaptor/auth_adaptor.go:350","M":"ValidateOTP handler called","client_ip":"::1"}
{"L":"DEBUG","timestamp":"2026-02-03T12:52:05.752+0700","caller":"usecase/auth.go:353","M":"Validating OTP","email":"azwinrifai123@gmail.com","purpose":"password_reset"}
{"L":"WARN","timestamp":"2026-02-03T12:52:05.754+0700","caller":"repository/auth.go:207","M":"Invalid OTP code","email":"azwinrifai123@gmail.com","provided_code":"680011"}
{"L":"WARN","timestamp":"2026-02-03T12:52:05.754+0700","caller":"usecase/auth.go:369","M":"OTP validation failed - invalid or expired OTP","email":"azwinrifai123@gmail.com"}
{"L":"WARN","timestamp":"2026-02-03T12:52:05.754+0700","caller":"adaptor/auth_adaptor.go:371","M":"ValidateOTP failed","email":"azwinrifai123@gmail.com","error":"invalid or expired OTP"}
{"L":"WARN","timestamp":"2026-02-03T12:52:05.754+0700","caller":"middleware/logging.go:61","M":"request completed with client error","method":"POST","path":"/api/v1/auth/validate-otp","query":"","status":400,"duration":"3.2084ms","response_size":63,"remote_addr":"::1"}
{"L":"INFO","timestamp":"2026-02-03T12:52:12.892+0700","caller":"middleware/logging.go:28","M":"incoming request","method":"POST","path":"/api/v1/auth/send-otp","query":"","remote_addr":"::1","user_agent":"PostmanRuntime/7.37.3","referer":"","body_size":71,"content_type":"application/json"}
{"L":"DEBUG","timestamp":"2026-02-03T12:52:12.892+0700","caller":"adaptor/auth_adaptor.go:303","M":"SendOTP handler called","client_ip":"::1"}
{"L":"DEBUG","timestamp":"2026-02-03T12:52:12.892+0700","caller":"usecase/auth.go:288","M":"Sending OTP","email":"azwinrifai123@gmail.com","purpose":"password_reset"}
{"L":"INFO","timestamp":"2026-02-03T12:52:12.904+0700","caller":"repository/auth.go:155","M":"OTP created successfully","email":"azwinrifai123@gmail.com","purpose":"password_reset"}
{"L":"INFO","timestamp":"2026-02-03T12:52:16.410+0700","caller":"utils/email_service.go:89","M":"OTP email sent successfully","to_email":"azwinrifai123@gmail.com","purpose":"password_reset"}
{"L":"INFO","timestamp":"2026-02-03T12:52:16.410+0700","caller":"usecase/auth.go:340","M":"OTP sent successfully","email":"azwinrifai123@gmail.com","purpose":"password_reset"}
{"L":"INFO","timestamp":"2026-02-03T12:52:16.410+0700","caller":"adaptor/auth_adaptor.go:336","M":"OTP sent successfully","email":"azwinrifai123@gmail.com","purpose":"password_reset"}
{"L":"INFO","timestamp":"2026-02-03T12:52:16.410+0700","caller":"middleware/logging.go:72","M":"request completed","method":"POST","path":"/api/v1/auth/send-otp","query":"","status":200,"duration":"3.5188342s","response_size":192}
{"L":"INFO","timestamp":"2026-02-03T12:53:06.088+0700","caller":"middleware/logging.go:28","M":"incoming request","method":"POST","path":"/api/v1/auth/reset-password","query":"","remote_addr":"::1","user_agent":"PostmanRuntime/7.37.3","referer":"","body_size":125,"content_type":"application/json"}
{"L":"DEBUG","timestamp":"2026-02-03T12:53:06.089+0700","caller":"adaptor/auth_adaptor.go:397","M":"ResetPassword handler called","client_ip":"::1"}
{"L":"DEBUG","timestamp":"2026-02-03T12:53:06.089+0700","caller":"usecase/auth.go:409","M":"Resetting password","email":"azwinrifai123@gmail.com"}
{"L":"INFO","timestamp":"2026-02-03T12:53:06.185+0700","caller":"repository/auth.go:116","M":"User password updated successfully","id":4}
{"L":"INFO","timestamp":"2026-02-03T12:53:06.187+0700","caller":"repository/auth.go:227","M":"OTP marked as used","otp_id":6}
{"L":"INFO","timestamp":"2026-02-03T12:53:06.187+0700","caller":"usecase/auth.go:470","M":"Password reset successfully","email":"azwinrifai123@gmail.com","user_id":4}
{"L":"INFO","timestamp":"2026-02-03T12:53:06.187+0700","caller":"adaptor/auth_adaptor.go:435","M":"Password reset successfully","email":"azwinrifai123@gmail.com"}
{"L":"INFO","timestamp":"2026-02-03T12:53:06.187+0700","caller":"middleware/logging.go:72","M":"request completed","method":"POST","path":"/api/v1/auth/reset-password","query":"","status":200,"duration":"98.6783ms","response_size":224}
{"L":"INFO","timestamp":"2026-02-03T12:54:57.435+0700","caller":"utils/logger.go:71","M":"Logger initialized","log_file":"logs\\app-2026-02-03.log","debug_mode":true}
{"L":"INFO","timestamp":"2026-02-03T12:54:57.435+0700","caller":"aplikasi-pos-team-boolean/main.go:35","M":"Application starting","environment":"","debug":true}
{"L":"INFO","timestamp":"2026-02-03T12:54:57.490+0700","caller":"aplikasi-pos-team-boolean/main.go:46","M":"Database connection successful"}
{"L":"INFO","timestamp":"2026-02-03T12:54:57.490+0700","caller":"aplikasi-pos-team-boolean/main.go:57","M":"Running database migration","seed":true}
{"L":"INFO","timestamp":"2026-02-03T12:54:57.785+0700","caller":"wire/wire.go:146","M":"Routes registered successfully"}
{"L":"INFO","timestamp":"2026-02-03T12:54:57.785+0700","caller":"aplikasi-pos-team-boolean/main.go:72","M":"Server starting","port":"8080"}
{"L":"INFO","timestamp":"2026-02-03T12:55:06.212+0700","caller":"middleware/logging.go:28","M":"incoming request","method":"POST","path":"/api/v1/auth/login","query":"","remote_addr":"::1","user_agent":"PostmanRuntime/7.37.3","referer":"","body_size":65,"content_type":"application/json"}
{"L":"DEBUG","timestamp":"2026-02-03T12:55:06.212+0700","caller":"adaptor/auth_adaptor.go:82","M":"Login handler called","client_ip":"::1"}
{"L":"DEBUG","timestamp":"2026-02-03T12:55:06.212+0700","caller":"usecase/auth.go:47","M":"Login attempt","email":"azwinrifai123@gmail.com"}
{"L":"WARN","timestamp":"2026-02-03T12:55:06.307+0700","caller":"usecase/auth.go:77","M":"Login failed - invalid password","email":"azwinrifai123@gmail.com"}
{"L":"WARN","timestamp":"2026-02-03T12:55:06.307+0700","caller":"adaptor/auth_adaptor.go:103","M":"Login failed","email":"azwinrifai123@gmail.com","error":"invalid email or password","client_ip":"::1"}
{"L":"WARN","timestamp":"2026-02-03T12:55:06.308+0700","caller":"middleware/logging.go:61","M":"request completed with client error","method":"POST","path":"/api/v1/auth/login","query":"","status":401,"duration":"95.8749ms","response_size":66,"remote_addr":"::1"}
{"L":"INFO","timestamp":"2026-02-03T12:55:12.685+0700","caller":"middleware/logging.go:28","M":"incoming request","method":"POST","path":"/api/v1/auth/login","query":"","remote_addr":"::1","user_agent":"PostmanRuntime/7.37.3","referer":"","body_size":66,"content_type":"application/json"}
{"L":"DEBUG","timestamp":"2026-02-03T12:55:12.685+0700","caller":"adaptor/auth_adaptor.go:82","M":"Login handler called","client_ip":"::1"}
{"L":"DEBUG","timestamp":"2026-02-03T12:55:12.685+0700","caller":"usecase/auth.go:47","M":"Login attempt","email":"azwinrifai123@gmail.com"}
{"L":"INFO","timestamp":"2026-02-03T12:55:12.781+0700","caller":"usecase/auth.go:93","M":"Login successful","email":"azwinrifai123@gmail.com","user_id":4}
{"L":"INFO","timestamp":"2026-02-03T12:55:12.782+0700","caller":"adaptor/auth_adaptor.go:116","M":"Login successful","email":"azwinrifai123@gmail.com","user_id":4}
{"L":"INFO","timestamp":"2026-02-03T12:55:12.782+0700","caller":"middleware/logging.go:72","M":"request completed","method":"POST","path":"/api/v1/auth/login","query":"","status":200,"duration":"96.7746ms","response_size":373}
{"L":"INFO","timestamp":"2026-02-03T12:55:46.139+0700","caller":"middleware/logging.go:28","M":"incoming request","method":"GET","path":"/api/v1/auth/user/4","query":"","remote_addr":"::1","user_agent":"PostmanRuntime/7.37.3","referer":"","body_size":0,"content_type":""}
{"L":"DEBUG","timestamp":"2026-02-03T12:55:46.139+0700","caller":"adaptor/auth_adaptor.go:130","M":"GetUserByID handler called","client_ip":"::1"}
{"L":"DEBUG","timestamp":"2026-02-03T12:55:46.139+0700","caller":"usecase/auth.go:176","M":"Get user by ID","user_id":4}
{"L":"INFO","timestamp":"2026-02-03T12:55:46.140+0700","caller":"usecase/auth.go:195","M":"User retrieved successfully","user_id":4,"email":"azwinrifai123@gmail.com"}
{"L":"INFO","timestamp":"2026-02-03T12:55:46.140+0700","caller":"adaptor/auth_adaptor.go:179","M":"Get user successful","user_id":4}
{"L":"INFO","timestamp":"2026-02-03T12:55:46.140+0700","caller":"middleware/logging.go:72","M":"request completed","method":"GET","path":"/api/v1/auth/user/4","query":"","status":200,"duration":"2.509ms","response_size":208}
{"L":"INFO","timestamp":"2026-02-03T12:56:04.185+0700","caller":"middleware/logging.go:28","M":"incoming request","method":"POST","path":"/api/v1/auth/register","query":"","remote_addr":"::1","user_agent":"PostmanRuntime/7.37.3","referer":"","body_size":111,"content_type":"application/json"}
{"L":"DEBUG","timestamp":"2026-02-03T12:56:04.185+0700","caller":"adaptor/auth_adaptor.go:29","M":"Register handler called","client_ip":"::1"}
{"L":"DEBUG","timestamp":"2026-02-03T12:56:04.186+0700","caller":"usecase/auth.go:110","M":"Register attempt","email":"azwinrifai321@gmail.com"}
{"L":"DEBUG","timestamp":"2026-02-03T12:56:04.187+0700","caller":"repository/auth.go:68","M":"User not found","email":"azwinrifai321@gmail.com"}
{"L":"INFO","timestamp":"2026-02-03T12:56:04.288+0700","caller":"repository/auth.go:54","M":"User created successfully","email":"azwinrifai321@gmail.com","id":5}
{"L":"INFO","timestamp":"2026-02-03T12:56:04.288+0700","caller":"usecase/auth.go:160","M":"User registered successfully","email":"azwinrifai321@gmail.com","user_id":5}
{"L":"INFO","timestamp":"2026-02-03T12:56:04.289+0700","caller":"adaptor/auth_adaptor.go:68","M":"Registration successful","email":"azwinrifai321@gmail.com","user_id":5}
{"L":"INFO","timestamp":"2026-02-03T12:56:04.289+0700","caller":"middleware/logging.go:72","M":"request completed","method":"POST","path":"/api/v1/auth/register","query":"","status":201,"duration":"103.5469ms","response_size":185}
{"L":"INFO","timestamp":"2026-02-03T12:56:11.023+0700","caller":"middleware/logging.go:28","M":"incoming request","method":"DELETE","path":"/api/v1/auth/user/5","query":"","remote_addr":"::1","user_agent":"PostmanRuntime/7.37.3","referer":"","body_size":0,"content_type":""}
{"L":"DEBUG","timestamp":"2026-02-03T12:56:11.023+0700","caller":"adaptor/auth_adaptor.go:192","M":"DeleteUser handler called","client_ip":"::1"}
{"L":"DEBUG","timestamp":"2026-02-03T12:56:11.024+0700","caller":"usecase/auth.go:213","M":"Delete user","user_id":5}
{"L":"INFO","timestamp":"2026-02-03T12:56:11.028+0700","caller":"repository/auth.go:133","M":"User marked as deleted","id":5}
{"L":"INFO","timestamp":"2026-02-03T12:56:11.028+0700","caller":"usecase/auth.go:248","M":"User deleted successfully","user_id":5,"email":"azwinrifai321@gmail.com"}
{"L":"INFO","timestamp":"2026-02-03T12:56:11.028+0700","caller":"adaptor/auth_adaptor.go:243","M":"Delete user successful","user_id":5}
{"L":"INFO","timestamp":"2026-02-03T12:56:11.028+0700","caller":"middleware/logging.go:72","M":"request completed","method":"DELETE","path":"/api/v1/auth/user/5","query":"","status":200,"duration":"4.3603ms","response_size":141}
{"L":"INFO","timestamp":"2026-02-03T14:10:23.262+0700","caller":"utils/logger.go:71","M":"Logger initialized","log_file":"logs\\app-2026-02-03.log","debug_mode":true}
{"L":"INFO","timestamp":"2026-02-03T14:10:23.262+0700","caller":"aplikasi-pos-team-boolean/main.go:35","M":"Application starting","environment":"","debug":true}
{"L":"INFO","timestamp":"2026-02-03T14:10:23.317+0700","caller":"aplikasi-pos-team-boolean/main.go:46","M":"Database connection successful"}
{"L":"INFO","timestamp":"2026-02-03T14:10:23.318+0700","caller":"aplikasi-pos-team-boolean/main.go:57","M":"Running database migration","seed":true}
{"L":"INFO","timestamp":"2026-02-03T14:10:23.620+0700","caller":"wire/wire.go:162","M":"Routes registered successfully"}
{"L":"INFO","timestamp":"2026-02-03T14:10:23.620+0700","caller":"aplikasi-pos-team-boolean/main.go:72","M":"Server starting","port":"8080"}
{"L":"INFO","timestamp":"2026-02-03T14:10:30.337+0700","caller":"middleware/logging.go:28","M":"incoming request","method":"GET","path":"/api/v1/reservations","query":"","remote_addr":"::1","user_agent":"PostmanRuntime/7.37.3","referer":"","body_size":0,"content_type":""}
{"L":"DEBUG","timestamp":"2026-02-03T14:10:30.337+0700","caller":"adaptor/reservations_adaptor.go:29","M":"GetAllReservations handler called","client_ip":"::1"}
{"L":"INFO","timestamp":"2026-02-03T14:10:30.366+0700","caller":"adaptor/reservations_adaptor.go:45","M":"Reservations retrieved successfully","count":3}
{"L":"INFO","timestamp":"2026-02-03T14:10:30.366+0700","caller":"middleware/logging.go:72","M":"request completed","method":"GET","path":"/api/v1/reservations","query":"","status":200,"duration":"28.9706ms","response_size":666}
{"L":"INFO","timestamp":"2026-02-03T14:10:58.441+0700","caller":"middleware/logging.go:28","M":"incoming request","method":"POST","path":"/api/v1/reservations","query":"","remote_addr":"::1","user_agent":"PostmanRuntime/7.37.3","referer":"","body_size":251,"content_type":"application/json"}
{"L":"DEBUG","timestamp":"2026-02-03T14:10:58.441+0700","caller":"adaptor/reservations_adaptor.go:58","M":"CreateReservation handler called","client_ip":"::1"}
{"L":"INFO","timestamp":"2026-02-03T14:10:58.442+0700","caller":"usecase/reservations.go:84","M":"Creating reservation","table_number":"T01","customer_name":"John Doe"}
{"L":"INFO","timestamp":"2026-02-03T14:10:58.444+0700","caller":"usecase/reservations.go:92","M":"Table ID found","table_id":1}
{"L":"INFO","timestamp":"2026-02-03T14:10:58.444+0700","caller":"usecase/reservations.go:100","M":"Reservation time parsed","reservation_time":"2024-02-10T19:00:00.000Z"}
{"L":"INFO","timestamp":"2026-02-03T14:10:58.444+0700","caller":"usecase/reservations.go:109","M":"Entity created","table_id":1}
{"L":"INFO","timestamp":"2026-02-03T14:10:58.448+0700","caller":"adaptor/reservations_adaptor.go:91","M":"Reservation created successfully","id":5,"customer_name":"John Doe"}
{"L":"INFO","timestamp":"2026-02-03T14:10:58.448+0700","caller":"middleware/logging.go:72","M":"request completed","method":"POST","path":"/api/v1/reservations","query":"","status":201,"duration":"7.3216ms","response_size":415}
{"L":"INFO","timestamp":"2026-02-03T14:11:33.224+0700","caller":"middleware/logging.go:28","M":"incoming request","method":"PUT","path":"/api/v1/reservations/5","query":"","remote_addr":"::1","user_agent":"PostmanRuntime/7.37.3","referer":"","body_size":52,"content_type":"application/json"}
{"L":"DEBUG","timestamp":"2026-02-03T14:11:33.225+0700","caller":"adaptor/reservations_adaptor.go:105","M":"UpdateReservation handler called","client_ip":"::1"}
{"L":"INFO","timestamp":"2026-02-03T14:11:33.229+0700","caller":"adaptor/reservations_adaptor.go:153","M":"Reservation updated successfully","id":5}
{"L":"INFO","timestamp":"2026-02-03T14:11:33.229+0700","caller":"middleware/logging.go:72","M":"request completed","method":"PUT","path":"/api/v1/reservations/5","query":"","status":200,"duration":"4.7287ms","response_size":72}
{"L":"INFO","timestamp":"2026-02-03T14:11:56.255+0700","caller":"middleware/logging.go:28","M":"incoming request","method":"DELETE","path":"/api/v1/reservations/5","query":"","remote_addr":"::1","user_agent":"PostmanRuntime/7.37.3","referer":"","body_size":0,"content_type":""}
{"L":"DEBUG","timestamp":"2026-02-03T14:11:56.255+0700","caller":"adaptor/reservations_adaptor.go:166","M":"DeleteReservation handler called","client_ip":"::1"}
{"L":"INFO","timestamp":"2026-02-03T14:11:56.263+0700","caller":"adaptor/reservations_adaptor.go:198","M":"Reservation deleted successfully","id":5}
{"L":"INFO","timestamp":"2026-02-03T14:11:56.263+0700","caller":"middleware/logging.go:72","M":"request completed","method":"DELETE","path":"/api/v1/reservations/5","query":"","status":200,"duration":"8.8319ms","response_size":72}
